c:\mac\home\desktop\lab3_oop\lab4_devyatkina\x64\debug\lab4devyatkina.transportdll.pdb
c:\mac\home\desktop\lab3_oop\lab4_devyatkina\lab4devyatkina.transportdll\x64\debug\vc145.pdb
c:\mac\home\desktop\lab3_oop\lab4_devyatkina\x64\debug\lab4devyatkina.transportdll.lib
c:\mac\home\desktop\lab3_oop\lab4_devyatkina\x64\debug\lab4devyatkina.transportdll.exp
c:\mac\home\desktop\lab3_oop\lab4_devyatkina\lab4devyatkina.transportdll\x64\debug\lab4devyatkina.transportdll.ilk
c:\mac\home\desktop\lab3_oop\lab4_devyatkina\lab4devyatkina.transportdll\x64\debug\localtransportdevyatkina.obj
c:\mac\home\desktop\lab3_oop\lab4_devyatkina\lab4devyatkina.transportdll\x64\debug\sockettransportdevyatkina.obj
c:\mac\home\desktop\lab3_oop\lab4_devyatkina\lab4devyatkina.transportdll\x64\debug\sessiondevyatkina.obj
c:\mac\home\desktop\lab3_oop\lab4_devyatkina\lab4devyatkina.transportdll\x64\debug\brokertransportdevyatkina.obj
c:\mac\home\desktop\lab3_oop\lab4_devyatkina\lab4devyatkina.transportdll\x64\debug\dllmain.obj
c:\mac\home\desktop\lab3_oop\lab4_devyatkina\lab4devyatkina.transportdll\x64\debug\messagedevyatkina.obj
c:\mac\home\desktop\lab3_oop\lab4_devyatkina\lab4devyatkina.transportdll\x64\debug\mmftransportdevyatkina.obj
c:\mac\home\desktop\lab3_oop\lab4_devyatkina\lab4devyatkina.transportdll\x64\debug\transportapidevyatkina.obj
c:\mac\home\desktop\lab3_oop\lab4_devyatkina\lab4devyatkina.transportdll\x64\debug\vc145.idb
c:\mac\home\desktop\lab3_oop\lab4_devyatkina\x64\debug\lab4devyatkina.transportdll.dll
c:\mac\home\desktop\lab3_oop\lab4_devyatkina\lab4devyatkina.transportdll\x64\debug\lab4devy.d2e1b2f9.tlog\link.read.1.tlog
c:\mac\home\desktop\lab3_oop\lab4_devyatkina\lab4devyatkina.transportdll\x64\debug\lab4devy.d2e1b2f9.tlog\link.command.1.tlog
c:\mac\home\desktop\lab3_oop\lab4_devyatkina\lab4devyatkina.transportdll\x64\debug\lab4devy.d2e1b2f9.tlog\link.write.1.tlog
c:\mac\home\desktop\lab3_oop\lab4_devyatkina\lab4devyatkina.transportdll\x64\debug\lab4devy.d2e1b2f9.tlog\link.secondary.1.tlog
c:\mac\home\desktop\lab3_oop\lab4_devyatkina\lab4devyatkina.transportdll\x64\debug\lab4devy.d2e1b2f9.tlog\cl.command.1.tlog
c:\mac\home\desktop\lab3_oop\lab4_devyatkina\lab4devyatkina.transportdll\x64\debug\lab4devy.d2e1b2f9.tlog\cl.write.1.tlog
c:\mac\home\desktop\lab3_oop\lab4_devyatkina\lab4devyatkina.transportdll\x64\debug\lab4devy.d2e1b2f9.tlog\cl.items.tlog
