c:\mac\home\desktop\lab1_devyatkina\lab2_devyatkina\x64\debug\mmflib_devyatkina.pdb
c:\mac\home\desktop\lab2_devyatkina\x64\debug\mmflib_devyatkina.pdb
c:\mac\home\desktop\lab1_devyatkina\lab2_devyatkina\mmflib_devyatkina\x64\debug\vc145.pdb
c:\mac\home\desktop\lab2_devyatkina\mmflib_devyatkina\x64\debug\vc145.pdb
c:\mac\home\desktop\lab2_devyatkina\x64\debug\mmflib_devyatkina.lib
c:\mac\home\desktop\lab2_devyatkina\x64\debug\mmflib_devyatkina.exp
c:\mac\home\desktop\lab2_devyatkina\mmflib_devyatkina\x64\debug\mmflib_devyatkina.ilk
c:\mac\home\desktop\lab2_devyatkina\mmflib_devyatkina\x64\debug\headerdevyatkina.obj
c:\mac\home\desktop\lab2_devyatkina\mmflib_devyatkina\x64\debug\itransportdevyatkina.obj
c:\mac\home\desktop\lab2_devyatkina\mmflib_devyatkina\x64\debug\exportapidevyatkina.obj
c:\mac\home\desktop\lab2_devyatkina\mmflib_devyatkina\x64\debug\messagedevyatkina.obj
c:\mac\home\desktop\lab2_devyatkina\mmflib_devyatkina\x64\debug\mmftransportdevyatkina.obj
c:\mac\home\desktop\lab2_devyatkina\mmflib_devyatkina\x64\debug\vc145.idb
c:\mac\home\desktop\lab2_devyatkina\mmflib_devyatkina\x64\debug\mmflib_d.a1d8bc01.tlog\link.read.1.tlog
c:\mac\home\desktop\lab2_devyatkina\mmflib_devyatkina\x64\debug\mmflib_d.a1d8bc01.tlog\link.command.1.tlog
c:\mac\home\desktop\lab2_devyatkina\mmflib_devyatkina\x64\debug\mmflib_d.a1d8bc01.tlog\link.write.1.tlog
c:\mac\home\desktop\lab2_devyatkina\mmflib_devyatkina\x64\debug\mmflib_d.a1d8bc01.tlog\link.secondary.1.tlog
c:\mac\home\desktop\lab2_devyatkina\mmflib_devyatkina\x64\debug\mmflib_d.a1d8bc01.tlog\cl.command.1.tlog
c:\mac\home\desktop\lab2_devyatkina\mmflib_devyatkina\x64\debug\mmflib_d.a1d8bc01.tlog\cl.write.1.tlog
c:\mac\home\desktop\lab2_devyatkina\mmflib_devyatkina\x64\debug\mmflib_d.a1d8bc01.tlog\cl.items.tlog
