c:\users\viktoriadevatkina\documents\labwork\console\x64\debug\vc145.pdb
c:\users\viktoriadevatkina\documents\labwork\console\x64\debug\vc145.idb
c:\users\viktoriadevatkina\documents\labwork\console\x64\debug\threadmanager_devyatkina.obj
c:\users\viktoriadevatkina\documents\labwork\console\x64\debug\session_devyatkina.obj
c:\users\viktoriadevatkina\documents\labwork\console\x64\debug\imessagestrategy_devyatkina.obj
c:\users\viktoriadevatkina\documents\labwork\console\x64\debug\main.obj
c:\users\viktoriadevatkina\documents\labwork\x64\debug\consoleapp.exe
c:\users\viktoriadevatkina\documents\labwork\x64\debug\consoleapp.pdb
c:\users\viktoriadevatkina\documents\labwork\console\x64\debug\consoleapp.ilk
c:\users\viktoriadevatkina\documents\lab1_devyatkina\console\x64\debug\imessagestrategy_devyatkina.obj
c:\users\viktoriadevatkina\documents\lab1_devyatkina\console\x64\debug\main.obj
c:\users\viktoriadevatkina\documents\lab1_devyatkina\console\x64\debug\session_devyatkina.obj
c:\users\viktoriadevatkina\documents\lab1_devyatkina\console\x64\debug\threadmanager_devyatkina.obj
c:\users\viktoriadevatkina\documents\lab1_devyatkina\console\x64\debug\consoleapp.ilk
c:\users\viktoriadevatkina\documents\lab1_devyatkina\console\x64\debug\vc145.idb
c:\users\viktoriadevatkina\documents\lab1_devyatkina\console\x64\debug\vc145.pdb
c:\users\viktoriadevatkina\documents\lab1_devyatkina\console\x64\debug\console.tlog\cl.command.1.tlog
c:\users\viktoriadevatkina\documents\lab1_devyatkina\console\x64\debug\console.tlog\cl.items.tlog
c:\users\viktoriadevatkina\documents\lab1_devyatkina\console\x64\debug\console.tlog\cl.read.1.tlog
c:\users\viktoriadevatkina\documents\lab1_devyatkina\console\x64\debug\console.tlog\cl.write.1.tlog
c:\users\viktoriadevatkina\documents\lab1_devyatkina\console\x64\debug\console.tlog\link.command.1.tlog
c:\users\viktoriadevatkina\documents\lab1_devyatkina\console\x64\debug\console.tlog\link.read.1.tlog
c:\users\viktoriadevatkina\documents\lab1_devyatkina\console\x64\debug\console.tlog\link.secondary.1.tlog
c:\users\viktoriadevatkina\documents\lab1_devyatkina\console\x64\debug\console.tlog\link.write.1.tlog
